diff --git a/addon/pechan_training_mod/guipages.lua b/addon/pechan_training_mod/guipages.lua
index c921029..0805fbc 100644
--- a/addon/pechan_training_mod/guipages.lua
+++ b/addon/pechan_training_mod/guipages.lua
@@ -1,8 +1,10 @@
 local current_game = PECHAN_CONFIG.get_current_game()
+local translate_mod = require("addon.pechan_training_mod.translate_mod")
+local tl = translate_mod.tl
 
 guicustompage = {
 	title = {
-		text = "Pechan's Training Mode Settings",
+		text = tl("ui.menu.title"),
 		x = interactivegui.boxxlength / 2 - (#"Pechan's Training Mode Settings") * 2,
 		y = 1,
 	},
@@ -14,7 +16,7 @@ local cur_y = 15
 
 if current_game.has_guard then
 	table.insert(guicustompage, {
-		text = "Guard Settings: ",
+		text = tl("ui.menu.guard_settings"),
 		x = 2,
 		y = cur_y,
 	})
@@ -34,9 +36,9 @@ if current_game.has_guard then
 		end,
 		autofunc = function(this)
 			if PECHAN_CONFIG.GUARD.dummy_action == 0 then
-				this.text = "Action: Standing"
+				this.text = tl("ui.guard.action.standing")
 			elseif PECHAN_CONFIG.GUARD.dummy_action == 1 then
-				this.text = "Action: Crouching"
+				this.text = tl("ui.guard.action.crouching")
 			end
 		end,
 	})
@@ -62,15 +64,15 @@ if current_game.has_guard then
 		end,
 		autofunc = function(this)
 			if PECHAN_CONFIG.GUARD.guard_mode == 0 then
-				this.text = "Guard: Off"
+				this.text = tl("ui.guard.mode.off")
 			elseif PECHAN_CONFIG.GUARD.guard_mode == 1 then
-				this.text = "Guard: On"
+				this.text = tl("ui.guard.mode.on")
 			elseif PECHAN_CONFIG.GUARD.guard_mode == 2 then
-				this.text = "Guard: Random"
+				this.text = tl("ui.guard.mode.random")
 			elseif PECHAN_CONFIG.GUARD.guard_mode == 3 then
-				this.text = "Guard: All Guard"
+				this.text = tl("ui.guard.mode.all_guard")
 			elseif PECHAN_CONFIG.GUARD.guard_mode == 4 then
-				this.text = "Guard: 1 Hit Guard"
+				this.text = tl("ui.guard.mode.one_hit")
 			end
 		end,
 	})
@@ -90,11 +92,11 @@ if current_game.has_guard then
 		end,
 		autofunc = function(this)
 			if (PECHAN_CONFIG.GUARD.reversal == PECHAN_CONFIG.GUARD.REVERSAL_OPTIONS.OFF) then
-				this.text = "Enable G. Reversal: Off"
+				this.text = tl("ui.guard.reversal.off")
 			elseif (PECHAN_CONFIG.GUARD.reversal == PECHAN_CONFIG.GUARD.REVERSAL_OPTIONS.ON) then
-				this.text = "Enable G. Reversal: On"
+				this.text = tl("ui.guard.reversal.on")
 			elseif (PECHAN_CONFIG.GUARD.reversal == PECHAN_CONFIG.GUARD.REVERSAL_OPTIONS.RANDOM) then
-				this.text = "Enable G. Reversal: Random"
+				this.text = tl("ui.guard.reversal.random")
 			end
 		end,
 	})
@@ -117,11 +119,11 @@ if current_game.has_hit_reversal then
 		end,
 		autofunc = function(this)
 			if (PECHAN_CONFIG.HIT.reversal == PECHAN_CONFIG.HIT.REVERSAL_OPTIONS.OFF) then
-				this.text = "Enable Hit Reversal: Off"
+				this.text = tl("ui.hit.reversal.off")
 			elseif (PECHAN_CONFIG.HIT.reversal == PECHAN_CONFIG.HIT.REVERSAL_OPTIONS.ON) then
-				this.text = "Enable Hit Reversal: On"
+				this.text = tl("ui.hit.reversal.on")
 			elseif (PECHAN_CONFIG.HIT.reversal == PECHAN_CONFIG.HIT.REVERSAL_OPTIONS.RANDOM) then
-				this.text = "Enable Hit Reversal: Random"
+				this.text = tl("ui.hit.reversal.random")
 			end
 		end,
 	})
@@ -129,7 +131,7 @@ end
 
 cur_y = cur_y + 15
 table.insert(guicustompage, {
-	text = "Other Settings: ",
+	text = tl("ui.menu.other_settings"),
 	x = 2,
 	y = cur_y,
 })
@@ -159,11 +161,11 @@ if current_game.has_wakeup then
 		end,
 		autofunc = function(this)
 			if (PECHAN_CONFIG.WAKEUP.reversal == PECHAN_CONFIG.WAKEUP.REVERSAL_OPTIONS.OFF) then
-				this.text = "Wake Up Reversal: Off"
+				this.text = tl("ui.wakeup.reversal.off")
 			elseif (PECHAN_CONFIG.WAKEUP.reversal == PECHAN_CONFIG.WAKEUP.REVERSAL_OPTIONS.ON) then
-				this.text = "Wake Up Reversal: On"
+				this.text = tl("ui.wakeup.reversal.on")
 			elseif (PECHAN_CONFIG.WAKEUP.reversal == PECHAN_CONFIG.WAKEUP.REVERSAL_OPTIONS.RANDOM) then
-				this.text = "Wake Up Reversal: Random"
+				this.text = tl("ui.wakeup.reversal.random")
 			end
 		end,
 	})
@@ -190,17 +192,17 @@ if current_game.has_recovery then
 		end,
 		autofunc = function(this)
 			if PECHAN_CONFIG.RECOVERY.recovery == PECHAN_CONFIG.RECOVERY.OPTIONS.OFF then
-				this.text = "Tech Recovery: Off"
+				this.text = tl("ui.recovery.tech.off")
 			elseif PECHAN_CONFIG.RECOVERY.recovery == PECHAN_CONFIG.RECOVERY.OPTIONS.ON then
-				this.text = "Tech Recovery: On"
+				this.text = tl("ui.recovery.tech.on")
 			elseif PECHAN_CONFIG.RECOVERY.recovery == PECHAN_CONFIG.RECOVERY.OPTIONS.RANDOM then
-				this.text = "Tech Recovery: Random"
+				this.text = tl("ui.recovery.tech.random")
 			end
 		end,
 	})
 	cur_y = cur_y + 10
 	table.insert(guicustompage,
-		{ text = "Recovery Delay:", x = 8, y = cur_y, olcolour = "black", info = { "this is the delay it will take on frames and the times of the recovery" } })
+		{ text = tl("ui.recovery.delay"), x = 8, y = cur_y, olcolour = "black", info = { "this is the delay it will take on frames and the times of the recovery" } })
 	table.insert(guicustompage,
 		{
 			text = "-",
@@ -242,7 +244,7 @@ if current_game.has_recovery then
 		})
 
 	table.insert(guicustompage,
-		{ text = "Recovery Times:", x = 118, y = cur_y, olcolour = "black", info = { "this is the delay it will take on frames and the times of the recovery" } })
+		{ text = tl("ui.recovery.times"), x = 118, y = cur_y, olcolour = "black", info = { "this is the delay it will take on frames and the times of the recovery" } })
 	table.insert(guicustompage,
 		{
 			text = "-",
@@ -285,7 +287,7 @@ if current_game.has_recovery then
 end
 
 cur_y = cur_y + 8
-table.insert(guicustompage, { text = "Reversal Move List Settings and information: ", x = 2, y = cur_y })
+table.insert(guicustompage, { text = tl("ui.menu.reversal_settings"), x = 2, y = cur_y })
 cur_y = cur_y + 12
 
 local left_y = cur_y
@@ -294,7 +296,7 @@ local right_y = cur_y
 if current_game.has_guard then
 	table.insert(guicustompage,
 		{
-			text = "Guard Reversals",
+			text = tl("ui.reversals.guard"),
 			x = 8,
 			y = left_y,
 			olcolour = "black",
@@ -326,7 +328,7 @@ end
 if current_game.has_wakeup then
 	table.insert(guicustompage,
 		{
-			text = "WakeUp Reversals",
+			text = tl("ui.reversals.wakeup"),
 			x = 8,
 			y = left_y,
 			handle = 9,
@@ -356,7 +358,7 @@ end
 if current_game.has_hit_reversal then
 	table.insert(guicustompage,
 		{
-			text = "Hit Reversals",
+			text = tl("ui.reversals.hit"),
 			x = 8,
 			y = left_y,
 			handle = 9,
@@ -386,7 +388,7 @@ end
 if current_game.has_dummy_settings then
 	table.insert(guicustompage,
 		{
-			text = "p1 and dummy settings:",
+			text = tl("ui.menu.p1_dummy_settings"),
 			x = 118,
 			y = right_y,
 			olcolour = "black",
@@ -402,7 +404,7 @@ end
 if current_game.has_character_selection then
 	table.insert(guicustompage,
 		{
-			text = "Character Selection",
+			text = tl("ui.menu.char_selection"),
 			x = 118,
 			y = right_y,
 			olcolour = "black",
@@ -418,7 +420,7 @@ end
 if current_game.has_cpu_settings then
 	table.insert(guicustompage,
 		{
-			text = "CPU settings",
+			text = tl("ui.menu.cpu_settings"),
 			x = 118,
 			y = right_y,
 			olcolour = "black",
@@ -431,13 +433,13 @@ if current_game.has_cpu_settings then
 	right_y = right_y + 12
 end
 
-table.insert(guicustompage, { text = "Configurations: ", x = 118, y = right_y })
+table.insert(guicustompage, { text = tl("ui.menu.configurations"), x = 118, y = right_y })
 right_y = right_y + 12
 
 if current_game.has_setups_configuration then
 	table.insert(guicustompage,
 		{
-			text = "Load Recorded Setup: ",
+			text = tl("ui.menu.load_setup"),
 			x = 118,
 			y = right_y,
 			olcolour = "black",
@@ -450,7 +452,7 @@ if current_game.has_setups_configuration then
 	right_y = right_y + 12
 	table.insert(guicustompage,
 		{
-			text = "Current Conf: ",
+			text = tl("ui.menu.current_conf"),
 			x = 118,
 			y = right_y,
 			olcolour = "black",
@@ -471,7 +473,7 @@ end
 if current_game.has_trials then
 	table.insert(guicustompage,
 		{
-			text = "Trial Mode (KOF98)",
+			text = tl("ui.menu.trial_mode"),
 			x = 118,
 			y = right_y,
 			olcolour = "black",
@@ -630,9 +632,9 @@ local cpu_data = {
 		end,
 		autofunc = function(this)
 			if PECHAN_CONFIG.CPU.vs_enabled == PECHAN_CONFIG.CPU.OPTIONS.OFF then
-				this.text = "CPU: Off"
+				this.text = tl("ui.cpu.enable.off")
 			elseif PECHAN_CONFIG.CPU.vs_enabled == PECHAN_CONFIG.CPU.OPTIONS.ON then
-				this.text = "CPU: On"
+				this.text = tl("ui.cpu.enable.on")
 			end
 		end,
 	},
@@ -651,7 +653,7 @@ local cpu_data = {
 		text = "Dummy Difficulty",
 		olcolour = "black",
 		autofunc = function(this)
-			this.text = "Dummy Difficulty: " .. PECHAN_CONFIG.CPU:getDifficultyString(rb(0x10FD8E))
+			this.text = tl("ui.cpu.difficulty", { diff = PECHAN_CONFIG.CPU:getDifficultyString(rb(0x10FD8E)) })
 		end,
 	},
 	["3"] = {
@@ -674,11 +676,11 @@ local cpu_data = {
 		olcolour = "black",
 		autofunc = function(this)
 			if PECHAN_CONFIG.CPU.GCCD.current_gccd == PECHAN_CONFIG.CPU.GCCD.OPTIONS.OFF then
-				this.text = "CD on Guard: Off"
+				this.text = tl("ui.cpu.gccd.off")
 			elseif PECHAN_CONFIG.CPU.GCCD.current_gccd == PECHAN_CONFIG.CPU.GCCD.OPTIONS.ON then
-				this.text = "CD on Guard: On"
+				this.text = tl("ui.cpu.gccd.on")
 			elseif PECHAN_CONFIG.CPU.GCCD.current_gccd == PECHAN_CONFIG.CPU.GCCD.OPTIONS.RANDOM then
-				this.text = "CD on Guard: Random"
+				this.text = tl("ui.cpu.gccd.random")
 			end
 		end,
 	},
@@ -702,11 +704,11 @@ local cpu_data = {
 		olcolour = "black",
 		autofunc = function(this)
 			if PECHAN_CONFIG.CPU.GCAB.current_gcab == PECHAN_CONFIG.CPU.GCAB.OPTIONS.OFF then
-				this.text = "AB on Guard: Off"
+				this.text = tl("ui.cpu.gcab.off")
 			elseif PECHAN_CONFIG.CPU.GCAB.current_gcab == PECHAN_CONFIG.CPU.GCAB.OPTIONS.ON then
-				this.text = "AB on Guard: On"
+				this.text = tl("ui.cpu.gcab.on")
 			elseif PECHAN_CONFIG.CPU.GCAB.current_gcab == PECHAN_CONFIG.CPU.GCAB.OPTIONS.RANDOM then
-				this.text = "AB on Guard: Random"
+				this.text = tl("ui.cpu.gcab.random")
 			end
 		end,
 	},
@@ -721,9 +723,9 @@ local cpu_data = {
 		olcolour = "black",
 		autofunc = function(this)
 			if PECHAN_CONFIG.CPU.THROW_OS_ON_JUMP then
-				this.text = "Guard OS: On"
+				this.text = tl("ui.cpu.os.on")
 			else
-				this.text = "Guard OS: Off"
+				this.text = tl("ui.cpu.os.off")
 			end
 		end,
 	},
@@ -735,7 +737,7 @@ for key, item in pairs(cpu_data) do
 end
 local p1_and_dummy_settings = {
 	title = {
-		text = "P1 and Dummy  Settings",
+		text = tl("ui.p1_dummy.title"),
 		x = interactivegui.boxxlength / 2 - 40,
 		y = 1,
 	},
@@ -769,9 +771,9 @@ local p1_and_dummy_data = {
 		end,
 		autofunc = function(this)
 			if PECHAN_CONFIG.DIZZY.enabled == PECHAN_CONFIG.DIZZY.OPTIONS.OFF then
-				this.text = "DIZZY: Off"
+				this.text = tl("ui.p1_dummy.dizzy.off")
 			elseif PECHAN_CONFIG.DIZZY.enabled == PECHAN_CONFIG.DIZZY.OPTIONS.ON then
-				this.text = "DIZZY: On"
+				this.text = tl("ui.p1_dummy.dizzy.on")
 			end
 		end,
 	},
@@ -795,9 +797,9 @@ local p1_and_dummy_data = {
 		end,
 		autofunc = function(this)
 			if PECHAN_CONFIG.PLAYERS.PLAYER1.CROUCH_GUARD.ENABLED == PECHAN_CONFIG.PLAYERS.PLAYER1.CROUCH_GUARD.OPTIONS.OFF then
-				this.text = "P1_CROUCH_GUARD: Off"
+				this.text = tl("ui.p1_dummy.p1_crouch_guard.off")
 			elseif PECHAN_CONFIG.PLAYERS.PLAYER1.CROUCH_GUARD.ENABLED == PECHAN_CONFIG.PLAYERS.PLAYER1.CROUCH_GUARD.OPTIONS.ON then
-				this.text = "P1_CROUCH_GUARD: On"
+				this.text = tl("ui.p1_dummy.p1_crouch_guard.on")
 			end
 		end,
 	},
@@ -820,9 +822,9 @@ local p1_and_dummy_data = {
 		end,
 		autofunc = function(this)
 			if PECHAN_CONFIG.PLAYERS.PLAYER2.COUNTER.ENABLED == PECHAN_CONFIG.PLAYERS.PLAYER2.COUNTER.OPTIONS.OFF then
-				this.text = "Counter: Off"
+				this.text = tl("ui.p1_dummy.counter.off")
 			elseif PECHAN_CONFIG.PLAYERS.PLAYER2.COUNTER.ENABLED == PECHAN_CONFIG.PLAYERS.PLAYER2.COUNTER.OPTIONS.ON then
-				this.text = "Counter: On"
+				this.text = tl("ui.p1_dummy.counter.on")
 			end
 		end,
 	},
@@ -845,11 +847,34 @@ local p1_and_dummy_data = {
 		end,
 		autofunc = function(this)
 			if PECHAN_CONFIG.PLAYERS.PLAYER2.GUARD_BREAK.STATE == PECHAN_CONFIG.PLAYERS.PLAYER2.GUARD_BREAK.OPTIONS.NORMAL then
-				this.text = "GUARD BREAK: Normal"
+				this.text = tl("ui.p1_dummy.guard_break.normal")
 			elseif PECHAN_CONFIG.PLAYERS.PLAYER2.GUARD_BREAK.STATE == PECHAN_CONFIG.PLAYERS.PLAYER2.GUARD_BREAK.OPTIONS.NEVER then
-				this.text = "GUARD BREAK: Never"
+				this.text = tl("ui.p1_dummy.guard_break.never")
 			elseif PECHAN_CONFIG.PLAYERS.PLAYER2.GUARD_BREAK.STATE == PECHAN_CONFIG.PLAYERS.PLAYER2.GUARD_BREAK.OPTIONS.ALWAYS then
-				this.text = "GUARD BREAK: always"
+				this.text = tl("ui.p1_dummy.guard_break.always")
+			end
+		end,
+	},
+	["lang"] = {
+		text = "Language / Idioma",
+		x = 10,
+		y = 56,
+		olcolour = "black",
+		handle = 4,
+		func = function()
+			if PECHAN_CONFIG.LANGUAGE.current_language == PECHAN_CONFIG.LANGUAGE.OPTIONS.EN then
+				PECHAN_CONFIG.LANGUAGE.current_language = PECHAN_CONFIG.LANGUAGE.OPTIONS.ES
+			else
+				PECHAN_CONFIG.LANGUAGE.current_language = PECHAN_CONFIG.LANGUAGE.OPTIONS.EN
+			end
+			local translate_mod = require("addon.pechan_training_mod.translate_mod")
+			translate_mod.set_locale(PECHAN_CONFIG.LANGUAGE.current_language)
+		end,
+		autofunc = function(this)
+			if PECHAN_CONFIG.LANGUAGE.current_language == PECHAN_CONFIG.LANGUAGE.OPTIONS.EN then
+				this.text = "Language: English"
+			else
+				this.text = "Idioma: Espa├▒ol"
 			end
 		end,
 	},
@@ -858,12 +883,13 @@ local p1_and_dummy_data = {
 		x = 118,
 		y = 8,
 		olcolour = "black",
-		handle = 4,
+		handle = 5,
 		func = function()
 			PECHAN_CONFIG.DEBUG.BLOCK = PECHAN_CONFIG.DEBUG.BLOCK == 0 and 1 or 0
 		end,
 		autofunc = function(this)
-			this.text = "Debug Block: " .. (PECHAN_CONFIG.DEBUG.BLOCK == 1 and "On" or "Off")
+			local state = (PECHAN_CONFIG.DEBUG.BLOCK == 1 and "On" or "Off")
+			this.text = tl("ui.debug.block", { state = state })
 		end,
 	},
 	["6"] = {
@@ -876,7 +902,8 @@ local p1_and_dummy_data = {
 			PECHAN_CONFIG.DEBUG.ADVANTAGE = PECHAN_CONFIG.DEBUG.ADVANTAGE == 0 and 1 or 0
 		end,
 		autofunc = function(this)
-			this.text = "Debug Advantage: " .. (PECHAN_CONFIG.DEBUG.ADVANTAGE == 1 and "On" or "Off")
+			local state = (PECHAN_CONFIG.DEBUG.ADVANTAGE == 1 and "On" or "Off")
+			this.text = tl("ui.debug.advantage", { state = state })
 		end,
 	},
 	["7"] = {
@@ -889,7 +916,8 @@ local p1_and_dummy_data = {
 			PECHAN_CONFIG.DEBUG.ACTION = PECHAN_CONFIG.DEBUG.ACTION == 0 and 1 or 0
 		end,
 		autofunc = function(this)
-			this.text = "Debug Action: " .. (PECHAN_CONFIG.DEBUG.ACTION == 1 and "On" or "Off")
+			local state = (PECHAN_CONFIG.DEBUG.ACTION == 1 and "On" or "Off")
+			this.text = tl("ui.debug.action", { state = state })
 		end,
 	},
 	["8"] = {
@@ -902,7 +930,8 @@ local p1_and_dummy_data = {
 			PECHAN_CONFIG.DEBUG.POSITION = PECHAN_CONFIG.DEBUG.POSITION == 0 and 1 or 0
 		end,
 		autofunc = function(this)
-			this.text = "Debug Position: " .. (PECHAN_CONFIG.DEBUG.POSITION == 1 and "On" or "Off")
+			local state = (PECHAN_CONFIG.DEBUG.POSITION == 1 and "On" or "Off")
+			this.text = tl("ui.debug.position", { state = state })
 		end,
 	},
 	["9"] = {
@@ -915,7 +944,8 @@ local p1_and_dummy_data = {
 			PECHAN_CONFIG.DEBUG.STUN = PECHAN_CONFIG.DEBUG.STUN == 0 and 1 or 0
 		end,
 		autofunc = function(this)
-			this.text = "Debug Stun: " .. (PECHAN_CONFIG.DEBUG.STUN == 1 and "On" or "Off")
+			local state = (PECHAN_CONFIG.DEBUG.STUN == 1 and "On" or "Off")
+			this.text = tl("ui.debug.stun", { state = state })
 		end,
 	},
 	["10"] = {
@@ -928,7 +958,8 @@ local p1_and_dummy_data = {
 			PECHAN_CONFIG.DEBUG.GUARD = PECHAN_CONFIG.DEBUG.GUARD == 0 and 1 or 0
 		end,
 		autofunc = function(this)
-			this.text = "Debug Guard: " .. (PECHAN_CONFIG.DEBUG.GUARD == 1 and "On" or "Off")
+			local state = (PECHAN_CONFIG.DEBUG.GUARD == 1 and "On" or "Off")
+			this.text = tl("ui.debug.guard", { state = state })
 		end,
 	},
 	["11"] = {
@@ -941,7 +972,8 @@ local p1_and_dummy_data = {
 			PECHAN_CONFIG.DEBUG.DISTANCE = PECHAN_CONFIG.DEBUG.DISTANCE == 0 and 1 or 0
 		end,
 		autofunc = function(this)
-			this.text = "Debug Distance: " .. (PECHAN_CONFIG.DEBUG.DISTANCE == 1 and "On" or "Off")
+			local state = (PECHAN_CONFIG.DEBUG.DISTANCE == 1 and "On" or "Off")
+			this.text = tl("ui.debug.distance", { state = state })
 		end,
 	},
 	["12"] = {
@@ -954,7 +986,8 @@ local p1_and_dummy_data = {
 			PECHAN_CONFIG.DEBUG.STATE = PECHAN_CONFIG.DEBUG.STATE == 0 and 1 or 0
 		end,
 		autofunc = function(this)
-			this.text = "Debug State: " .. (PECHAN_CONFIG.DEBUG.STATE == 1 and "On" or "Off")
+			local state = (PECHAN_CONFIG.DEBUG.STATE == 1 and "On" or "Off")
+			this.text = tl("ui.debug.state", { state = state })
 		end,
 	},
 	["13"] = {
@@ -967,7 +1000,8 @@ local p1_and_dummy_data = {
 			PECHAN_CONFIG.DEBUG.METER = PECHAN_CONFIG.DEBUG.METER == 0 and 1 or 0
 		end,
 		autofunc = function(this)
-			this.text = "Debug Meter: " .. (PECHAN_CONFIG.DEBUG.METER == 1 and "On" or "Off")
+			local state = (PECHAN_CONFIG.DEBUG.METER == 1 and "On" or "Off")
+			this.text = tl("ui.debug.meter", { state = state })
 		end,
 	},
 	["14"] = {
@@ -984,7 +1018,8 @@ local p1_and_dummy_data = {
 		end,
 		autofunc = function(this)
 			local states = { [0] = "Off", [1] = "P1", [2] = "P2", [3] = "Both" }
-			this.text = "Debug Frame Data: " .. (states[PECHAN_CONFIG.DEBUG.FRAMEDATA] or "Off")
+			local state = (states[PECHAN_CONFIG.DEBUG.FRAMEDATA] or "Off")
+			this.text = tl("ui.debug.frame_data", { state = state })
 		end,
 	},
 }
@@ -1039,24 +1074,24 @@ local function generate_character_popup(char, player_side, back_page)
 	if player_side == 1 then
 		add_option("Make P1", function()
 			PECHAN_CONFIG.UI.P1_STRIKER1 = (PECHAN_CONFIG.UI.P1_STRIKER1 == char) and nil or PECHAN_CONFIG.UI
-			.P1_STRIKER1
+				.P1_STRIKER1
 			if PECHAN_CONFIG.get_current_game().has_3_strikers then
 				PECHAN_CONFIG.UI.P1_STRIKER2 = (PECHAN_CONFIG.UI.P1_STRIKER2 == char) and nil or
-				PECHAN_CONFIG.UI.P1_STRIKER2
+					PECHAN_CONFIG.UI.P1_STRIKER2
 				PECHAN_CONFIG.UI.P1_STRIKER3 = (PECHAN_CONFIG.UI.P1_STRIKER3 == char) and nil or
-				PECHAN_CONFIG.UI.P1_STRIKER3
+					PECHAN_CONFIG.UI.P1_STRIKER3
 			end
 			PECHAN_CONFIG.UI.CURRENT_PLAYER1 = char
 		end)
 		if PECHAN_CONFIG.get_current_game().has_strikers then
 			add_option("Make P1 Striker 1", function()
 				PECHAN_CONFIG.UI.CURRENT_PLAYER1 = (PECHAN_CONFIG.UI.CURRENT_PLAYER1 == char) and nil or
-				PECHAN_CONFIG.UI.CURRENT_PLAYER1
+					PECHAN_CONFIG.UI.CURRENT_PLAYER1
 				if PECHAN_CONFIG.get_current_game().has_3_strikers then
 					PECHAN_CONFIG.UI.P1_STRIKER2 = (PECHAN_CONFIG.UI.P1_STRIKER2 == char) and nil or
-					PECHAN_CONFIG.UI.P1_STRIKER2
+						PECHAN_CONFIG.UI.P1_STRIKER2
 					PECHAN_CONFIG.UI.P1_STRIKER3 = (PECHAN_CONFIG.UI.P1_STRIKER3 == char) and nil or
-					PECHAN_CONFIG.UI.P1_STRIKER3
+						PECHAN_CONFIG.UI.P1_STRIKER3
 				end
 				PECHAN_CONFIG.UI.P1_STRIKER1 = char
 				PECHAN_CONFIG.UI.PLAYER1_STRIKER_MODE = 0
@@ -1064,20 +1099,20 @@ local function generate_character_popup(char, player_side, back_page)
 			if PECHAN_CONFIG.get_current_game().has_3_strikers then
 				add_option("Make P1 Striker 2", function()
 					PECHAN_CONFIG.UI.CURRENT_PLAYER1 = (PECHAN_CONFIG.UI.CURRENT_PLAYER1 == char) and nil or
-					PECHAN_CONFIG.UI.CURRENT_PLAYER1
+						PECHAN_CONFIG.UI.CURRENT_PLAYER1
 					PECHAN_CONFIG.UI.P1_STRIKER1 = (PECHAN_CONFIG.UI.P1_STRIKER1 == char) and nil or
-					PECHAN_CONFIG.UI.P1_STRIKER1
+						PECHAN_CONFIG.UI.P1_STRIKER1
 					PECHAN_CONFIG.UI.P1_STRIKER3 = (PECHAN_CONFIG.UI.P1_STRIKER3 == char) and nil or
-					PECHAN_CONFIG.UI.P1_STRIKER3
+						PECHAN_CONFIG.UI.P1_STRIKER3
 					PECHAN_CONFIG.UI.P1_STRIKER2 = char
 				end)
 				add_option("Make P1 Striker 3", function()
 					PECHAN_CONFIG.UI.CURRENT_PLAYER1 = (PECHAN_CONFIG.UI.CURRENT_PLAYER1 == char) and nil or
-					PECHAN_CONFIG.UI.CURRENT_PLAYER1
+						PECHAN_CONFIG.UI.CURRENT_PLAYER1
 					PECHAN_CONFIG.UI.P1_STRIKER1 = (PECHAN_CONFIG.UI.P1_STRIKER1 == char) and nil or
-					PECHAN_CONFIG.UI.P1_STRIKER1
+						PECHAN_CONFIG.UI.P1_STRIKER1
 					PECHAN_CONFIG.UI.P1_STRIKER2 = (PECHAN_CONFIG.UI.P1_STRIKER2 == char) and nil or
-					PECHAN_CONFIG.UI.P1_STRIKER2
+						PECHAN_CONFIG.UI.P1_STRIKER2
 					PECHAN_CONFIG.UI.P1_STRIKER3 = char
 				end)
 			end
@@ -1095,24 +1130,24 @@ local function generate_character_popup(char, player_side, back_page)
 	else
 		add_option("Make P2", function()
 			PECHAN_CONFIG.UI.P2_STRIKER1 = (PECHAN_CONFIG.UI.P2_STRIKER1 == char) and nil or PECHAN_CONFIG.UI
-			.P2_STRIKER1
+				.P2_STRIKER1
 			if PECHAN_CONFIG.get_current_game().has_3_strikers then
 				PECHAN_CONFIG.UI.P2_STRIKER2 = (PECHAN_CONFIG.UI.P2_STRIKER2 == char) and nil or
-				PECHAN_CONFIG.UI.P2_STRIKER2
+					PECHAN_CONFIG.UI.P2_STRIKER2
 				PECHAN_CONFIG.UI.P2_STRIKER3 = (PECHAN_CONFIG.UI.P2_STRIKER3 == char) and nil or
-				PECHAN_CONFIG.UI.P2_STRIKER3
+					PECHAN_CONFIG.UI.P2_STRIKER3
 			end
 			PECHAN_CONFIG.UI.CURRENT_PLAYER2 = char
 		end)
 		if PECHAN_CONFIG.get_current_game().has_strikers then
 			add_option("Make P2 Striker 1", function()
 				PECHAN_CONFIG.UI.CURRENT_PLAYER2 = (PECHAN_CONFIG.UI.CURRENT_PLAYER2 == char) and nil or
-				PECHAN_CONFIG.UI.CURRENT_PLAYER2
+					PECHAN_CONFIG.UI.CURRENT_PLAYER2
 				if PECHAN_CONFIG.get_current_game().has_3_strikers then
 					PECHAN_CONFIG.UI.P2_STRIKER2 = (PECHAN_CONFIG.UI.P2_STRIKER2 == char) and nil or
-					PECHAN_CONFIG.UI.P2_STRIKER2
+						PECHAN_CONFIG.UI.P2_STRIKER2
 					PECHAN_CONFIG.UI.P2_STRIKER3 = (PECHAN_CONFIG.UI.P2_STRIKER3 == char) and nil or
-					PECHAN_CONFIG.UI.P2_STRIKER3
+						PECHAN_CONFIG.UI.P2_STRIKER3
 				end
 				PECHAN_CONFIG.UI.P2_STRIKER1 = char
 				PECHAN_CONFIG.UI.PLAYER2_STRIKER_MODE = 0
@@ -1120,20 +1155,20 @@ local function generate_character_popup(char, player_side, back_page)
 			if PECHAN_CONFIG.get_current_game().has_3_strikers then
 				add_option("Make P2 Striker 2", function()
 					PECHAN_CONFIG.UI.CURRENT_PLAYER2 = (PECHAN_CONFIG.UI.CURRENT_PLAYER2 == char) and nil or
-					PECHAN_CONFIG.UI.CURRENT_PLAYER2
+						PECHAN_CONFIG.UI.CURRENT_PLAYER2
 					PECHAN_CONFIG.UI.P2_STRIKER1 = (PECHAN_CONFIG.UI.P2_STRIKER1 == char) and nil or
-					PECHAN_CONFIG.UI.P2_STRIKER1
+						PECHAN_CONFIG.UI.P2_STRIKER1
 					PECHAN_CONFIG.UI.P2_STRIKER3 = (PECHAN_CONFIG.UI.P2_STRIKER3 == char) and nil or
-					PECHAN_CONFIG.UI.P2_STRIKER3
+						PECHAN_CONFIG.UI.P2_STRIKER3
 					PECHAN_CONFIG.UI.P2_STRIKER2 = char
 				end)
 				add_option("Make P2 Striker 3", function()
 					PECHAN_CONFIG.UI.CURRENT_PLAYER2 = (PECHAN_CONFIG.UI.CURRENT_PLAYER2 == char) and nil or
-					PECHAN_CONFIG.UI.CURRENT_PLAYER2
+						PECHAN_CONFIG.UI.CURRENT_PLAYER2
 					PECHAN_CONFIG.UI.P2_STRIKER1 = (PECHAN_CONFIG.UI.P2_STRIKER1 == char) and nil or
-					PECHAN_CONFIG.UI.P2_STRIKER1
+						PECHAN_CONFIG.UI.P2_STRIKER1
 					PECHAN_CONFIG.UI.P2_STRIKER2 = (PECHAN_CONFIG.UI.P2_STRIKER2 == char) and nil or
-					PECHAN_CONFIG.UI.P2_STRIKER2
+						PECHAN_CONFIG.UI.P2_STRIKER2
 					PECHAN_CONFIG.UI.P2_STRIKER3 = char
 				end)
 			end
@@ -1164,7 +1199,7 @@ for page = 1, total_pages do
 	local page_name = "character_select_page_" .. page
 	local page_table = {
 		title = {
-			text = "Character Selecction Settings (Page " .. page .. "/" .. total_pages .. ")",
+			text = tl("ui.character.title", { page = page, total_pages = total_pages }),
 			x = interactivegui.boxxlength / 2 - 60,
 			y = 1,
 		},
@@ -1273,11 +1308,11 @@ for page = 1, total_pages do
 			olcolour = "black",
 			autofunc = function(this)
 				if not PECHAN_CONFIG.UI.CURRENT_PLAYER1.has_ex then
-					this.text = "P1 Character Ex: ---"
+					this.text = tl("ui.character.p1_ex.none")
 				elseif PECHAN_CONFIG.UI.PLAYER1_EX == true then
-					this.text = "P1 Character Ex: ON"
+					this.text = tl("ui.character.p1_ex.on")
 				else
-					this.text = "P1 Character Ex: OFF"
+					this.text = tl("ui.character.p1_ex.off")
 				end
 			end,
 		})
@@ -1295,11 +1330,11 @@ for page = 1, total_pages do
 			olcolour = "black",
 			autofunc = function(this)
 				if not PECHAN_CONFIG.UI.CURRENT_PLAYER2.has_ex then
-					this.text = "P2 Character Ex: ---"
+					this.text = tl("ui.character.p2_ex.none")
 				elseif PECHAN_CONFIG.UI.PLAYER2_EX == true then
-					this.text = "P2 Character Ex: ON"
+					this.text = tl("ui.character.p2_ex.on")
 				else
-					this.text = "P2 Character Ex: OFF"
+					this.text = tl("ui.character.p2_ex.off")
 				end
 			end,
 		})
@@ -1321,9 +1356,9 @@ for page = 1, total_pages do
 			olcolour = "black",
 			autofunc = function(this)
 				if PECHAN_CONFIG.UI.PLAYER1_MODE == PECHAN_CONFIG.UI.MODES.EXTRA then
-					this.text = "P1 Mode: Extra"
+					this.text = tl("ui.character.p1_mode.extra")
 				else
-					this.text = "P1 Mode: Advanced"
+					this.text = tl("ui.character.p1_mode.advanced")
 				end
 			end,
 		})
@@ -1343,9 +1378,9 @@ for page = 1, total_pages do
 			olcolour = "black",
 			autofunc = function(this)
 				if PECHAN_CONFIG.UI.PLAYER2_MODE == PECHAN_CONFIG.UI.MODES.EXTRA then
-					this.text = "P2 Mode: Extra"
+					this.text = tl("ui.character.p2_mode.extra")
 				else
-					this.text = "P2 Mode: Advanced"
+					this.text = tl("ui.character.p2_mode.advanced")
 				end
 			end,
 		})
@@ -1429,13 +1464,13 @@ for page = 1, total_pages do
 			olcolour = "black",
 			autofunc = function(this)
 				if PECHAN_CONFIG.UI.INFINITE_STRIKERS == 1 then
-					this.text = "Inf Strikers: P1"
+					this.text = tl("ui.character.inf_strikers.p1")
 				elseif PECHAN_CONFIG.UI.INFINITE_STRIKERS == 2 then
-					this.text = "Inf Strikers: P2"
+					this.text = tl("ui.character.inf_strikers.p2")
 				elseif PECHAN_CONFIG.UI.INFINITE_STRIKERS == 3 then
-					this.text = "Inf Strikers: Both"
+					this.text = tl("ui.character.inf_strikers.both")
 				else
-					this.text = "Inf Strikers: Off"
+					this.text = tl("ui.character.inf_strikers.off")
 				end
 			end,
 		})
@@ -1448,7 +1483,7 @@ for page = 1, total_pages do
 		func = function()
 			PECHAN_CONFIG.UI.CHARACTERS_HAS_CHANGED = true
 		end,
-		text = ">>> APPLY CHANGES <<<",
+		text = tl("ui.character.apply_changes"),
 		textcolour = "white",
 		bgcolour = 0x4CAF50FF,
 		olcolour = "black",
@@ -1492,7 +1527,7 @@ for page = 1, total_pages do
 				y = 90,
 				x = 144,
 				info = { 'Previous Page' },
-				text = "<< Prev Page",
+				text = tl("ui.character.prev_page"),
 				olcolour = "black",
 				func = function() CIG("character_select_page_" .. (page - 1), 1) end,
 			})
@@ -1502,7 +1537,7 @@ for page = 1, total_pages do
 				y = 102,
 				x = 144,
 				info = { 'Next Page' },
-				text = "Next Page >>",
+				text = tl("ui.character.next_page"),
 				olcolour = "black",
 				func = function() CIG("character_select_page_" .. (page + 1), 1) end,
 			})
diff --git a/addon/pechan_training_mod/init.lua b/addon/pechan_training_mod/init.lua
index 3e38e50..178a11c 100644
--- a/addon/pechan_training_mod/init.lua
+++ b/addon/pechan_training_mod/init.lua
@@ -13,7 +13,9 @@ end
 -- Load translation module
 local translate_mod = require("addon.pechan_training_mod.translate_mod")
 local en_data = require("addon.pechan_training_mod.locales.en")
+local es_data = require("addon.pechan_training_mod.locales.es")
 translate_mod.load_locale("en", en_data)
+translate_mod.load_locale("es", es_data)
 -- default to EN
 translate_mod.set_locale("en")
 
