Frame 1519200 | Dummy=P2[0x108300, CPU:01, Act:00, Hit:00, L_Face:false] | Human=P1[0x108100, CPU:01, Act:00, Hit:00, L_Face:true]
Frame 1519260 | Dummy=P2[0x108300, CPU:01, Act:00, Hit:00, L_Face:false] | Human=P1[0x108100, CPU:01, Act:00, Hit:00, L_Face:true]
Frame 1519320 | Dummy=P2[0x108300, CPU:01, Act:00, Hit:00, L_Face:false] | Human=P1[0x108100, CPU:01, Act:00, Hit:00, L_Face:true]
Frame 1519380 | Dummy=P2[0x108300, CPU:01, Act:00, Hit:00, L_Face:false] | Human=P1[0x108100, CPU:01, Act:00, Hit:00, L_Face:true]
Frame 1519440 | Dummy=P2[0x108300, CPU:01, Act:00, Hit:00, L_Face:false] | Human=P1[0x108100, CPU:01, Act:00, Hit:00, L_Face:true]
Frame 1519500 | Dummy=P2[0x108300, CPU:01, Act:00, Hit:00, L_Face:false] | Human=P1[0x108100, CPU:01, Act:00, Hit:00, L_Face:true]
Frame 1519560 | Dummy=P2[0x108300, CPU:01, Act:00, Hit:00, L_Face:false] | Human=P1[0x108100, CPU:01, Act:02, Hit:00, L_Face:true]
Frame 1519620 | Dummy=P2[0x108300, CPU:01, Act:00, Hit:00, L_Face:false] | Human=P1[0x108100, CPU:01, Act:00, Hit:00, L_Face:true]
Frame 1519680 | Dummy=P2[0x108300, CPU:01, Act:00, Hit:00, L_Face:false] | Human=P1[0x108100, CPU:01, Act:17, Hit:00, L_Face:true]
Frame 1519740 | Dummy=P2[0x108300, CPU:01, Act:00, Hit:00, L_Face:false] | Human=P1[0x108100, CPU:01, Act:00, Hit:00, L_Face:true]
Frame 1490340 | Dummy=P2[0x108300, CPU:01, Act:00, Hit:00, L_Face:true] | Human=P1[0x108100, CPU:00, Act:00, Hit:00, L_Face:false]
Frame 1490400 | Dummy=P2[0x108300, CPU:01, Act:00, Hit:00, L_Face:true] | Human=P1[0x108100, CPU:00, Act:2E, Hit:00, L_Face:false]
Frame 1490460 | Dummy=P2[0x108300, CPU:01, Act:06, Hit:01, L_Face:false] | Human=P1[0x108100, CPU:00, Act:B7, Hit:00, L_Face:false]
Frame 1490520 | Dummy=P2[0x108300, CPU:01, Act:00, Hit:00, L_Face:false] | Human=P1[0x108100, CPU:00, Act:2D, Hit:00, L_Face:true]
Frame 1490580 | Dummy=P2[0x108300, CPU:01, Act:06, Hit:01, L_Face:true] | Human=P1[0x108100, CPU:00, Act:18, Hit:00, L_Face:true]
Frame 1490640 | Dummy=P2[0x108300, CPU:01, Act:00, Hit:00, L_Face:true] | Human=P1[0x108100, CPU:00, Act:00, Hit:00, L_Face:false]
Frame 1490700 | Dummy=P2[0x108300, CPU:01, Act:00, Hit:00, L_Face:true] | Human=P1[0x108100, CPU:00, Act:00, Hit:00, L_Face:false]
Frame 1490760 | Dummy=P2[0x108300, CPU:01, Act:00, Hit:00, L_Face:true] | Human=P1[0x108100, CPU:00, Act:00, Hit:00, L_Face:false]
Frame 1490820 | Dummy=P2[0x108300, CPU:01, Act:00, Hit:00, L_Face:true] | Human=P1[0x108100, CPU:00, Act:00, Hit:00, L_Face:false]
Frame 1490880 | Dummy=P2[0x108300, CPU:01, Act:00, Hit:00, L_Face:true] | Human=P1[0x108100, CPU:00, Act:00, Hit:00, L_Face:false]
Frame 1490940 | Dummy=P2[0x108300, CPU:01, Act:00, Hit:00, L_Face:true] | Human=P1[0x108100, CPU:00, Act:00, Hit:00, L_Face:false]
Frame 1491000 | Dummy=P2[0x108300, CPU:01, Act:00, Hit:00, L_Face:true] | Human=P1[0x108100, CPU:00, Act:00, Hit:00, L_Face:false]
Frame 1491060 | Dummy=P2[0x108300, CPU:01, Act:00, Hit:00, L_Face:true] | Human=P1[0x108100, CPU:00, Act:00, Hit:00, L_Face:false]
Frame 1491120 | Dummy=P2[0x108300, CPU:01, Act:00, Hit:00, L_Face:true] | Human=P1[0x108100, CPU:00, Act:00, Hit:00, L_Face:false]
Frame 1491180 | Dummy=P2[0x108300, CPU:01, Act:00, Hit:00, L_Face:true] | Human=P1[0x108100, CPU:00, Act:00, Hit:00, L_Face:false]
Frame 1491240 | Dummy=P1[0x108100, CPU:01, Act:00, Hit:00, L_Face:false] | Human=P2[0x108300, CPU:01, Act:00, Hit:00, L_Face:true]
Frame 1491300 | Dummy=P1[0x108100, CPU:01, Act:00, Hit:00, L_Face:false] | Human=P2[0x108300, CPU:01, Act:00, Hit:00, L_Face:true]
Frame 1491360 | Dummy=P1[0x108100, CPU:01, Act:00, Hit:00, L_Face:false] | Human=P2[0x108300, CPU:01, Act:00, Hit:00, L_Face:true]
Frame 1491420 | Dummy=P1[0x108100, CPU:01, Act:00, Hit:00, L_Face:false] | Human=P2[0x108300, CPU:01, Act:00, Hit:00, L_Face:true]
Frame 1491480 | Dummy=P1[0x108100, CPU:01, Act:17, Hit:00, L_Face:false] | Human=P2[0x108300, CPU:01, Act:00, Hit:00, L_Face:true]
Frame 1491540 | Dummy=P1[0x108100, CPU:01, Act:00, Hit:00, L_Face:false] | Human=P2[0x108300, CPU:01, Act:00, Hit:00, L_Face:true]
Frame 1491600 | Dummy=P1[0x108100, CPU:01, Act:01, Hit:00, L_Face:false] | Human=P2[0x108300, CPU:01, Act:00, Hit:00, L_Face:true]
Frame 1491660 | Dummy=P1[0x108100, CPU:01, Act:B9, Hit:00, L_Face:false] | Human=P2[0x108300, CPU:01, Act:1F, Hit:01, L_Face:true]
Frame 1491720 | Dummy=P1[0x108100, CPU:01, Act:00, Hit:00, L_Face:false] | Human=P2[0x108300, CPU:01, Act:00, Hit:00, L_Face:true]
Frame 1491780 | Dummy=P1[0x108100, CPU:01, Act:00, Hit:00, L_Face:false] | Human=P2[0x108300, CPU:01, Act:00, Hit:00, L_Face:true]
Frame 1491840 | Dummy=P1[0x108100, CPU:01, Act:01, Hit:00, L_Face:false] | Human=P2[0x108300, CPU:01, Act:00, Hit:00, L_Face:true]
Frame 1491900 | Dummy=P1[0x108100, CPU:01, Act:59, Hit:00, L_Face:true] | Human=P2[0x108300, CPU:01, Act:00, Hit:00, L_Face:false]
Frame 1491960 | Dummy=P1[0x108100, CPU:01, Act:00, Hit:00, L_Face:true] | Human=P2[0x108300, CPU:01, Act:00, Hit:00, L_Face:false]
Frame 1492020 | Dummy=P1[0x108100, CPU:01, Act:00, Hit:00, L_Face:true] | Human=P2[0x108300, CPU:01, Act:00, Hit:00, L_Face:false]
Frame 1492080 | Dummy=P1[0x108100, CPU:01, Act:01, Hit:00, L_Face:true] | Human=P2[0x108300, CPU:01, Act:00, Hit:00, L_Face:false]
Frame 1492140 | Dummy=P1[0x108100, CPU:01, Act:50, Hit:00, L_Face:true] | Human=P2[0x108300, CPU:01, Act:00, Hit:00, L_Face:false]
Frame 1492200 | Dummy=P1[0x108100, CPU:01, Act:00, Hit:00, L_Face:true] | Human=P2[0x108300, CPU:01, Act:00, Hit:00, L_Face:false]
Frame 1492260 | Dummy=P1[0x108100, CPU:01, Act:00, Hit:00, L_Face:true] | Human=P2[0x108300, CPU:01, Act:02, Hit:00, L_Face:false]
Frame 1492320 | Dummy=P1[0x108100, CPU:01, Act:46, Hit:00, L_Face:true] | Human=P2[0x108300, CPU:01, Act:00, Hit:00, L_Face:false]
Frame 1492380 | Dummy=P1[0x108100, CPU:01, Act:46, Hit:00, L_Face:true] | Human=P2[0x108300, CPU:01, Act:02, Hit:00, L_Face:false]
Frame 1492440 | Dummy=P1[0x108100, CPU:01, Act:46, Hit:00, L_Face:true] | Human=P2[0x108300, CPU:01, Act:00, Hit:00, L_Face:false]
Frame 1492500 | Dummy=P1[0x108100, CPU:01, Act:00, Hit:00, L_Face:true] | Human=P2[0x108300, CPU:01, Act:01, Hit:00, L_Face:false]
Frame 1492560 | Dummy=P1[0x108100, CPU:01, Act:00, Hit:00, L_Face:true] | Human=P2[0x108300, CPU:01, Act:01, Hit:00, L_Face:false]
Frame 1492620 | Dummy=P1[0x108100, CPU:01, Act:00, Hit:00, L_Face:true] | Human=P2[0x108300, CPU:01, Act:15, Hit:00, L_Face:false]
Frame 1492680 | Dummy=P1[0x108100, CPU:01, Act:46, Hit:00, L_Face:true] | Human=P2[0x108300, CPU:01, Act:00, Hit:00, L_Face:false]
Frame 1492740 | Dummy=P1[0x108100, CPU:01, Act:46, Hit:00, L_Face:true] | Human=P2[0x108300, CPU:01, Act:02, Hit:00, L_Face:false]
Frame 1492800 | Dummy=P1[0x108100, CPU:01, Act:00, Hit:00, L_Face:true] | Human=P2[0x108300, CPU:01, Act:01, Hit:00, L_Face:false]
Frame 1492860 | Dummy=P1[0x108100, CPU:01, Act:00, Hit:00, L_Face:true] | Human=P2[0x108300, CPU:01, Act:00, Hit:00, L_Face:false]
Frame 1492920 | Dummy=P1[0x108100, CPU:01, Act:00, Hit:00, L_Face:true] | Human=P2[0x108300, CPU:01, Act:00, Hit:00, L_Face:false]
Frame 1492980 | Dummy=P1[0x108100, CPU:01, Act:00, Hit:00, L_Face:true] | Human=P2[0x108300, CPU:01, Act:00, Hit:00, L_Face:false]
Frame 1493040 | Dummy=P1[0x108100, CPU:01, Act:00, Hit:00, L_Face:true] | Human=P2[0x108300, CPU:01, Act:00, Hit:00, L_Face:false]
Frame 1493100 | Dummy=P1[0x108100, CPU:01, Act:00, Hit:00, L_Face:true] | Human=P2[0x108300, CPU:01, Act:00, Hit:00, L_Face:false]
Frame 1493160 | Dummy=P1[0x108100, CPU:01, Act:00, Hit:00, L_Face:true] | Human=P2[0x108300, CPU:01, Act:00, Hit:00, L_Face:false]
Frame 1493220 | Dummy=P1[0x108100, CPU:01, Act:00, Hit:00, L_Face:true] | Human=P2[0x108300, CPU:01, Act:00, Hit:00, L_Face:false]
Frame 1493280 | Dummy=P1[0x108100, CPU:01, Act:00, Hit:00, L_Face:true] | Human=P2[0x108300, CPU:01, Act:00, Hit:00, L_Face:false]
Frame 1493340 | Dummy=P2[0x108300, CPU:01, Act:00, Hit:00, L_Face:false] | Human=P1[0x108100, CPU:01, Act:00, Hit:00, L_Face:true]
Frame 1493400 | Dummy=P2[0x108300, CPU:01, Act:00, Hit:00, L_Face:false] | Human=P1[0x108100, CPU:01, Act:00, Hit:00, L_Face:true]
Frame 1493460 | Dummy=P2[0x108300, CPU:01, Act:00, Hit:00, L_Face:false] | Human=P1[0x108100, CPU:01, Act:00, Hit:00, L_Face:true]
Frame 1493520 | Dummy=P2[0x108300, CPU:01, Act:00, Hit:00, L_Face:false] | Human=P1[0x108100, CPU:01, Act:62, Hit:00, L_Face:true]
Frame 1493580 | Dummy=P2[0x108300, CPU:01, Act:00, Hit:00, L_Face:false] | Human=P1[0x108100, CPU:01, Act:50, Hit:00, L_Face:true]
Frame 1493640 | Dummy=P2[0x108300, CPU:01, Act:00, Hit:00, L_Face:false] | Human=P1[0x108100, CPU:01, Act:00, Hit:00, L_Face:true]
Frame 1493700 | Dummy=P2[0x108300, CPU:01, Act:00, Hit:00, L_Face:false] | Human=P1[0x108100, CPU:01, Act:00, Hit:00, L_Face:true]
Frame 1493760 | Dummy=P2[0x108300, CPU:01, Act:00, Hit:00, L_Face:false] | Human=P1[0x108100, CPU:01, Act:00, Hit:00, L_Face:true]
Frame 1493820 | Dummy=P2[0x108300, CPU:01, Act:00, Hit:00, L_Face:false] | Human=P1[0x108100, CPU:01, Act:00, Hit:00, L_Face:true]
Frame 1493880 | Dummy=P2[0x108300, CPU:01, Act:00, Hit:00, L_Face:false] | Human=P1[0x108100, CPU:01, Act:00, Hit:00, L_Face:true]
Frame 1493940 | Dummy=P2[0x108300, CPU:01, Act:00, Hit:00, L_Face:false] | Human=P1[0x108100, CPU:01, Act:00, Hit:00, L_Face:true]
Frame 1494000 | Dummy=P2[0x108300, CPU:01, Act:00, Hit:00, L_Face:false] | Human=P1[0x108100, CPU:01, Act:00, Hit:00, L_Face:true]
Frame 1494060 | Dummy=P2[0x108300, CPU:01, Act:00, Hit:00, L_Face:false] | Human=P1[0x108100, CPU:01, Act:00, Hit:00, L_Face:true]
Frame 1494120 | Dummy=P2[0x108300, CPU:01, Act:00, Hit:00, L_Face:false] | Human=P1[0x108100, CPU:01, Act:00, Hit:00, L_Face:true]
Frame 1494180 | Dummy=P2[0x108300, CPU:01, Act:00, Hit:00, L_Face:false] | Human=P1[0x108100, CPU:01, Act:00, Hit:00, L_Face:true]
Frame 1494240 | Dummy=P2[0x108300, CPU:01, Act:00, Hit:00, L_Face:false] | Human=P1[0x108100, CPU:01, Act:00, Hit:00, L_Face:true]
Frame 1494300 | Dummy=P2[0x108300, CPU:01, Act:00, Hit:00, L_Face:false] | Human=P1[0x108100, CPU:01, Act:00, Hit:00, L_Face:true]
Frame 1494360 | Dummy=P2[0x108300, CPU:01, Act:00, Hit:00, L_Face:false] | Human=P1[0x108100, CPU:01, Act:00, Hit:00, L_Face:true]
Frame 1494420 | Dummy=P2[0x108300, CPU:01, Act:00, Hit:00, L_Face:false] | Human=P1[0x108100, CPU:01, Act:00, Hit:00, L_Face:true]
Frame 1494480 | Dummy=P2[0x108300, CPU:01, Act:00, Hit:00, L_Face:false] | Human=P1[0x108100, CPU:01, Act:00, Hit:00, L_Face:true]
Frame 1494540 | Dummy=P2[0x108300, CPU:01, Act:00, Hit:00, L_Face:false] | Human=P1[0x108100, CPU:01, Act:00, Hit:00, L_Face:true]
Frame 1494600 | Dummy=P2[0x108300, CPU:01, Act:00, Hit:00, L_Face:false] | Human=P1[0x108100, CPU:01, Act:00, Hit:00, L_Face:true]
Frame 1494660 | Dummy=P2[0x108300, CPU:01, Act:00, Hit:00, L_Face:false] | Human=P1[0x108100, CPU:01, Act:00, Hit:00, L_Face:true]
Frame 1494720 | Dummy=P2[0x108300, CPU:01, Act:00, Hit:00, L_Face:false] | Human=P1[0x108100, CPU:01, Act:00, Hit:00, L_Face:true]
Frame 1494780 | Dummy=P2[0x108300, CPU:01, Act:00, Hit:00, L_Face:false] | Human=P1[0x108100, CPU:01, Act:00, Hit:00, L_Face:true]
Frame 1494840 | Dummy=P2[0x108300, CPU:01, Act:00, Hit:00, L_Face:false] | Human=P1[0x108100, CPU:01, Act:00, Hit:00, L_Face:true]
Frame 1494900 | Dummy=P2[0x108300, CPU:01, Act:00, Hit:00, L_Face:false] | Human=P1[0x108100, CPU:01, Act:00, Hit:00, L_Face:true]
Frame 1494960 | Dummy=P2[0x108300, CPU:01, Act:00, Hit:00, L_Face:false] | Human=P1[0x108100, CPU:01, Act:00, Hit:00, L_Face:true]
Frame 1495020 | Dummy=P2[0x108300, CPU:01, Act:00, Hit:00, L_Face:false] | Human=P1[0x108100, CPU:01, Act:00, Hit:00, L_Face:true]
Frame 1495080 | Dummy=P2[0x108300, CPU:01, Act:00, Hit:00, L_Face:false] | Human=P1[0x108100, CPU:01, Act:00, Hit:00, L_Face:true]
Frame 1495140 | Dummy=P2[0x108300, CPU:01, Act:00, Hit:00, L_Face:false] | Human=P1[0x108100, CPU:01, Act:00, Hit:00, L_Face:true]
Frame 1495200 | Dummy=P2[0x108300, CPU:01, Act:00, Hit:00, L_Face:false] | Human=P1[0x108100, CPU:01, Act:00, Hit:00, L_Face:true]
Frame 1495260 | Dummy=P2[0x108300, CPU:01, Act:00, Hit:00, L_Face:false] | Human=P1[0x108100, CPU:01, Act:00, Hit:00, L_Face:true]
Frame 1495320 | Dummy=P2[0x108300, CPU:01, Act:00, Hit:00, L_Face:false] | Human=P1[0x108100, CPU:01, Act:00, Hit:00, L_Face:true]
Frame 1495380 | Dummy=P2[0x108300, CPU:01, Act:00, Hit:00, L_Face:false] | Human=P1[0x108100, CPU:01, Act:00, Hit:00, L_Face:true]
Frame 1495440 | Dummy=P2[0x108300, CPU:01, Act:00, Hit:00, L_Face:false] | Human=P1[0x108100, CPU:01, Act:00, Hit:00, L_Face:true]
Frame 1495500 | Dummy=P2[0x108300, CPU:01, Act:00, Hit:00, L_Face:false] | Human=P1[0x108100, CPU:01, Act:00, Hit:00, L_Face:true]
Frame 1495560 | Dummy=P2[0x108300, CPU:01, Act:00, Hit:00, L_Face:false] | Human=P1[0x108100, CPU:01, Act:00, Hit:00, L_Face:true]
Frame 1495620 | Dummy=P2[0x108300, CPU:01, Act:00, Hit:00, L_Face:false] | Human=P1[0x108100, CPU:01, Act:00, Hit:00, L_Face:true]
Frame 1495680 | Dummy=P2[0x108300, CPU:01, Act:00, Hit:00, L_Face:false] | Human=P1[0x108100, CPU:01, Act:00, Hit:00, L_Face:true]
Frame 1495740 | Dummy=P2[0x108300, CPU:01, Act:00, Hit:00, L_Face:false] | Human=P1[0x108100, CPU:01, Act:00, Hit:00, L_Face:true]
Frame 1495800 | Dummy=P2[0x108300, CPU:01, Act:00, Hit:00, L_Face:false] | Human=P1[0x108100, CPU:01, Act:00, Hit:00, L_Face:true]
Frame 1495860 | Dummy=P2[0x108300, CPU:01, Act:00, Hit:00, L_Face:false] | Human=P1[0x108100, CPU:01, Act:00, Hit:00, L_Face:true]
Frame 1495920 | Dummy=P2[0x108300, CPU:01, Act:00, Hit:00, L_Face:false] | Human=P1[0x108100, CPU:01, Act:00, Hit:00, L_Face:true]
Frame 1495980 | Dummy=P2[0x108300, CPU:01, Act:00, Hit:00, L_Face:false] | Human=P1[0x108100, CPU:01, Act:00, Hit:00, L_Face:true]
Frame 1496040 | Dummy=P2[0x108300, CPU:01, Act:00, Hit:00, L_Face:false] | Human=P1[0x108100, CPU:01, Act:00, Hit:00, L_Face:true]
Frame 1496100 | Dummy=P2[0x108300, CPU:01, Act:00, Hit:00, L_Face:false] | Human=P1[0x108100, CPU:01, Act:00, Hit:00, L_Face:true]
Frame 1496160 | Dummy=P2[0x108300, CPU:01, Act:00, Hit:00, L_Face:false] | Human=P1[0x108100, CPU:01, Act:00, Hit:00, L_Face:true]
Frame 1496220 | Dummy=P2[0x108300, CPU:01, Act:00, Hit:00, L_Face:false] | Human=P1[0x108100, CPU:01, Act:00, Hit:00, L_Face:true]
Frame 1496280 | Dummy=P2[0x108300, CPU:01, Act:00, Hit:00, L_Face:false] | Human=P1[0x108100, CPU:01, Act:00, Hit:00, L_Face:true]
Frame 1496340 | Dummy=P2[0x108300, CPU:01, Act:00, Hit:00, L_Face:false] | Human=P1[0x108100, CPU:01, Act:00, Hit:00, L_Face:true]
Frame 1496400 | Dummy=P2[0x108300, CPU:01, Act:00, Hit:00, L_Face:false] | Human=P1[0x108100, CPU:01, Act:00, Hit:00, L_Face:true]
Frame 1496460 | Dummy=P2[0x108300, CPU:01, Act:00, Hit:00, L_Face:false] | Human=P1[0x108100, CPU:01, Act:00, Hit:00, L_Face:true]
Frame 1496520 | Dummy=P2[0x108300, CPU:01, Act:00, Hit:00, L_Face:false] | Human=P1[0x108100, CPU:01, Act:00, Hit:00, L_Face:true]
Frame 1496580 | Dummy=P2[0x108300, CPU:01, Act:00, Hit:00, L_Face:false] | Human=P1[0x108100, CPU:01, Act:00, Hit:00, L_Face:true]
Frame 1496640 | Dummy=P2[0x108300, CPU:01, Act:00, Hit:00, L_Face:false] | Human=P1[0x108100, CPU:01, Act:00, Hit:00, L_Face:true]
Frame 1496700 | Dummy=P2[0x108300, CPU:01, Act:00, Hit:00, L_Face:false] | Human=P1[0x108100, CPU:01, Act:00, Hit:00, L_Face:true]
Frame 1496760 | Dummy=P2[0x108300, CPU:01, Act:00, Hit:00, L_Face:false] | Human=P1[0x108100, CPU:01, Act:00, Hit:00, L_Face:true]
Frame 1496820 | Dummy=P2[0x108300, CPU:01, Act:00, Hit:00, L_Face:false] | Human=P1[0x108100, CPU:01, Act:00, Hit:00, L_Face:true]
Frame 1496880 | Dummy=P2[0x108300, CPU:01, Act:00, Hit:00, L_Face:false] | Human=P1[0x108100, CPU:01, Act:00, Hit:00, L_Face:true]
Frame 1496940 | Dummy=P2[0x108300, CPU:01, Act:00, Hit:00, L_Face:false] | Human=P1[0x108100, CPU:01, Act:00, Hit:00, L_Face:true]
Frame 1497000 | Dummy=P2[0x108300, CPU:01, Act:00, Hit:00, L_Face:false] | Human=P1[0x108100, CPU:01, Act:00, Hit:00, L_Face:true]
Frame 1497060 | Dummy=P2[0x108300, CPU:01, Act:00, Hit:00, L_Face:false] | Human=P1[0x108100, CPU:01, Act:00, Hit:00, L_Face:true]
Frame 1497120 | Dummy=P2[0x108300, CPU:01, Act:00, Hit:00, L_Face:false] | Human=P1[0x108100, CPU:01, Act:00, Hit:00, L_Face:true]
Frame 1497180 | Dummy=P2[0x108300, CPU:01, Act:00, Hit:00, L_Face:false] | Human=P1[0x108100, CPU:01, Act:00, Hit:00, L_Face:true]
Frame 1497240 | Dummy=P2[0x108300, CPU:01, Act:00, Hit:00, L_Face:false] | Human=P1[0x108100, CPU:01, Act:00, Hit:00, L_Face:true]
Frame 1497300 | Dummy=P2[0x108300, CPU:01, Act:00, Hit:00, L_Face:false] | Human=P1[0x108100, CPU:01, Act:00, Hit:00, L_Face:true]
Frame 1497360 | Dummy=P2[0x108300, CPU:01, Act:00, Hit:00, L_Face:false] | Human=P1[0x108100, CPU:01, Act:00, Hit:00, L_Face:true]
Frame 1497420 | Dummy=P2[0x108300, CPU:01, Act:00, Hit:00, L_Face:false] | Human=P1[0x108100, CPU:01, Act:00, Hit:00, L_Face:true]
Frame 1497480 | Dummy=P2[0x108300, CPU:01, Act:00, Hit:00, L_Face:false] | Human=P1[0x108100, CPU:01, Act:00, Hit:00, L_Face:true]
Frame 1497540 | Dummy=P2[0x108300, CPU:01, Act:00, Hit:00, L_Face:false] | Human=P1[0x108100, CPU:01, Act:00, Hit:00, L_Face:true]
Frame 1497600 | Dummy=P2[0x108300, CPU:01, Act:00, Hit:00, L_Face:false] | Human=P1[0x108100, CPU:01, Act:00, Hit:00, L_Face:true]
Frame 1497660 | Dummy=P2[0x108300, CPU:01, Act:00, Hit:00, L_Face:false] | Human=P1[0x108100, CPU:01, Act:00, Hit:00, L_Face:true]
Frame 1497720 | Dummy=P2[0x108300, CPU:01, Act:00, Hit:00, L_Face:false] | Human=P1[0x108100, CPU:01, Act:00, Hit:00, L_Face:true]
Frame 1497780 | Dummy=P2[0x108300, CPU:01, Act:00, Hit:00, L_Face:false] | Human=P1[0x108100, CPU:01, Act:00, Hit:00, L_Face:true]
Frame 1497840 | Dummy=P2[0x108300, CPU:01, Act:00, Hit:00, L_Face:false] | Human=P1[0x108100, CPU:01, Act:00, Hit:00, L_Face:true]
Frame 1497900 | Dummy=P2[0x108300, CPU:01, Act:00, Hit:00, L_Face:false] | Human=P1[0x108100, CPU:01, Act:00, Hit:00, L_Face:true]
Frame 1497960 | Dummy=P2[0x108300, CPU:01, Act:00, Hit:00, L_Face:false] | Human=P1[0x108100, CPU:01, Act:00, Hit:00, L_Face:true]
Frame 1498020 | Dummy=P2[0x108300, CPU:01, Act:00, Hit:00, L_Face:false] | Human=P1[0x108100, CPU:01, Act:00, Hit:00, L_Face:true]
Frame 1498080 | Dummy=P2[0x108300, CPU:01, Act:00, Hit:00, L_Face:false] | Human=P1[0x108100, CPU:01, Act:00, Hit:00, L_Face:true]
Frame 1498140 | Dummy=P2[0x108300, CPU:01, Act:00, Hit:00, L_Face:false] | Human=P1[0x108100, CPU:01, Act:00, Hit:00, L_Face:true]
Frame 1498200 | Dummy=P2[0x108300, CPU:01, Act:00, Hit:00, L_Face:false] | Human=P1[0x108100, CPU:01, Act:00, Hit:00, L_Face:true]
Frame 1498260 | Dummy=P2[0x108300, CPU:01, Act:00, Hit:00, L_Face:false] | Human=P1[0x108100, CPU:01, Act:00, Hit:00, L_Face:true]
Frame 1498320 | Dummy=P2[0x108300, CPU:01, Act:00, Hit:00, L_Face:false] | Human=P1[0x108100, CPU:01, Act:00, Hit:00, L_Face:true]
Frame 1498380 | Dummy=P2[0x108300, CPU:01, Act:00, Hit:00, L_Face:false] | Human=P1[0x108100, CPU:01, Act:00, Hit:00, L_Face:true]
Frame 1498440 | Dummy=P2[0x108300, CPU:01, Act:00, Hit:00, L_Face:false] | Human=P1[0x108100, CPU:01, Act:00, Hit:00, L_Face:true]
Frame 1498500 | Dummy=P2[0x108300, CPU:01, Act:00, Hit:00, L_Face:false] | Human=P1[0x108100, CPU:01, Act:00, Hit:00, L_Face:true]
Frame 1498560 | Dummy=P2[0x108300, CPU:01, Act:00, Hit:00, L_Face:false] | Human=P1[0x108100, CPU:01, Act:00, Hit:00, L_Face:true]
Frame 1498620 | Dummy=P2[0x108300, CPU:01, Act:00, Hit:00, L_Face:false] | Human=P1[0x108100, CPU:01, Act:00, Hit:00, L_Face:true]
Frame 1498680 | Dummy=P2[0x108300, CPU:01, Act:00, Hit:00, L_Face:false] | Human=P1[0x108100, CPU:01, Act:00, Hit:00, L_Face:true]
Frame 1498740 | Dummy=P2[0x108300, CPU:01, Act:00, Hit:00, L_Face:false] | Human=P1[0x108100, CPU:01, Act:00, Hit:00, L_Face:true]
Frame 1498800 | Dummy=P2[0x108300, CPU:01, Act:00, Hit:00, L_Face:false] | Human=P1[0x108100, CPU:01, Act:00, Hit:00, L_Face:true]
Frame 1498860 | Dummy=P2[0x108300, CPU:01, Act:00, Hit:00, L_Face:false] | Human=P1[0x108100, CPU:01, Act:00, Hit:00, L_Face:true]
Frame 1498920 | Dummy=P2[0x108300, CPU:01, Act:00, Hit:00, L_Face:false] | Human=P1[0x108100, CPU:01, Act:00, Hit:00, L_Face:true]
Frame 1498980 | Dummy=P2[0x108300, CPU:01, Act:00, Hit:00, L_Face:false] | Human=P1[0x108100, CPU:01, Act:00, Hit:00, L_Face:true]
Frame 1499040 | Dummy=P2[0x108300, CPU:01, Act:00, Hit:00, L_Face:false] | Human=P1[0x108100, CPU:01, Act:00, Hit:00, L_Face:true]
Frame 1499100 | Dummy=P2[0x108300, CPU:01, Act:00, Hit:00, L_Face:false] | Human=P1[0x108100, CPU:01, Act:00, Hit:00, L_Face:true]
Frame 1499160 | Dummy=P2[0x108300, CPU:01, Act:00, Hit:00, L_Face:false] | Human=P1[0x108100, CPU:01, Act:00, Hit:00, L_Face:true]
Frame 1499220 | Dummy=P2[0x108300, CPU:01, Act:00, Hit:00, L_Face:false] | Human=P1[0x108100, CPU:01, Act:00, Hit:00, L_Face:true]
Frame 1499280 | Dummy=P2[0x108300, CPU:01, Act:00, Hit:00, L_Face:false] | Human=P1[0x108100, CPU:01, Act:00, Hit:00, L_Face:true]
Frame 1499340 | Dummy=P2[0x108300, CPU:01, Act:00, Hit:00, L_Face:false] | Human=P1[0x108100, CPU:01, Act:00, Hit:00, L_Face:true]
Frame 1499400 | Dummy=P2[0x108300, CPU:01, Act:00, Hit:00, L_Face:false] | Human=P1[0x108100, CPU:01, Act:00, Hit:00, L_Face:true]
Frame 1499460 | Dummy=P2[0x108300, CPU:01, Act:00, Hit:00, L_Face:false] | Human=P1[0x108100, CPU:01, Act:00, Hit:00, L_Face:true]
Frame 1499520 | Dummy=P2[0x108300, CPU:01, Act:00, Hit:00, L_Face:false] | Human=P1[0x108100, CPU:01, Act:00, Hit:00, L_Face:true]
Frame 1499580 | Dummy=P2[0x108300, CPU:01, Act:00, Hit:00, L_Face:false] | Human=P1[0x108100, CPU:01, Act:00, Hit:00, L_Face:true]
Frame 1499640 | Dummy=P2[0x108300, CPU:01, Act:00, Hit:00, L_Face:false] | Human=P1[0x108100, CPU:01, Act:00, Hit:00, L_Face:true]
Frame 1499700 | Dummy=P2[0x108300, CPU:01, Act:00, Hit:00, L_Face:false] | Human=P1[0x108100, CPU:01, Act:00, Hit:00, L_Face:true]
Frame 1499760 | Dummy=P2[0x108300, CPU:01, Act:00, Hit:00, L_Face:false] | Human=P1[0x108100, CPU:01, Act:00, Hit:00, L_Face:true]
Frame 1499820 | Dummy=P2[0x108300, CPU:01, Act:00, Hit:00, L_Face:false] | Human=P1[0x108100, CPU:01, Act:00, Hit:00, L_Face:true]
Frame 1499880 | Dummy=P2[0x108300, CPU:01, Act:00, Hit:00, L_Face:false] | Human=P1[0x108100, CPU:01, Act:00, Hit:00, L_Face:true]
Frame 1499940 | Dummy=P2[0x108300, CPU:01, Act:00, Hit:00, L_Face:false] | Human=P1[0x108100, CPU:01, Act:00, Hit:00, L_Face:true]
Frame 1500000 | Dummy=P2[0x108300, CPU:01, Act:00, Hit:00, L_Face:false] | Human=P1[0x108100, CPU:01, Act:00, Hit:00, L_Face:true]
Frame 1500060 | Dummy=P2[0x108300, CPU:01, Act:00, Hit:00, L_Face:false] | Human=P1[0x108100, CPU:01, Act:00, Hit:00, L_Face:true]
Frame 1500120 | Dummy=P2[0x108300, CPU:01, Act:00, Hit:00, L_Face:false] | Human=P1[0x108100, CPU:01, Act:00, Hit:00, L_Face:true]
Frame 1500180 | Dummy=P2[0x108300, CPU:01, Act:00, Hit:00, L_Face:false] | Human=P1[0x108100, CPU:01, Act:00, Hit:00, L_Face:true]
Frame 1500240 | Dummy=P2[0x108300, CPU:01, Act:00, Hit:00, L_Face:false] | Human=P1[0x108100, CPU:01, Act:00, Hit:00, L_Face:true]
Frame 1500300 | Dummy=P2[0x108300, CPU:01, Act:00, Hit:00, L_Face:false] | Human=P1[0x108100, CPU:01, Act:00, Hit:00, L_Face:true]
Frame 1500360 | Dummy=P2[0x108300, CPU:01, Act:00, Hit:00, L_Face:false] | Human=P1[0x108100, CPU:01, Act:00, Hit:00, L_Face:true]
Frame 1500420 | Dummy=P2[0x108300, CPU:01, Act:00, Hit:00, L_Face:false] | Human=P1[0x108100, CPU:01, Act:00, Hit:00, L_Face:true]
Frame 1500480 | Dummy=P2[0x108300, CPU:01, Act:00, Hit:00, L_Face:false] | Human=P1[0x108100, CPU:01, Act:00, Hit:00, L_Face:true]
Frame 1500540 | Dummy=P2[0x108300, CPU:01, Act:00, Hit:00, L_Face:false] | Human=P1[0x108100, CPU:01, Act:00, Hit:00, L_Face:true]
Frame 1500600 | Dummy=P2[0x108300, CPU:01, Act:00, Hit:00, L_Face:false] | Human=P1[0x108100, CPU:01, Act:00, Hit:00, L_Face:true]
Frame 1500660 | Dummy=P2[0x108300, CPU:01, Act:00, Hit:00, L_Face:false] | Human=P1[0x108100, CPU:01, Act:00, Hit:00, L_Face:true]
Frame 1500720 | Dummy=P2[0x108300, CPU:01, Act:00, Hit:00, L_Face:false] | Human=P1[0x108100, CPU:01, Act:00, Hit:00, L_Face:true]
Frame 1500780 | Dummy=P2[0x108300, CPU:01, Act:00, Hit:00, L_Face:false] | Human=P1[0x108100, CPU:01, Act:00, Hit:00, L_Face:true]
Frame 1500840 | Dummy=P2[0x108300, CPU:01, Act:00, Hit:00, L_Face:false] | Human=P1[0x108100, CPU:01, Act:00, Hit:00, L_Face:true]
Frame 1500900 | Dummy=P2[0x108300, CPU:01, Act:00, Hit:00, L_Face:false] | Human=P1[0x108100, CPU:01, Act:00, Hit:00, L_Face:true]
Frame 1500960 | Dummy=P2[0x108300, CPU:01, Act:00, Hit:00, L_Face:false] | Human=P1[0x108100, CPU:01, Act:00, Hit:00, L_Face:true]
Frame 1501020 | Dummy=P2[0x108300, CPU:01, Act:00, Hit:00, L_Face:false] | Human=P1[0x108100, CPU:01, Act:00, Hit:00, L_Face:true]
Frame 1501080 | Dummy=P2[0x108300, CPU:01, Act:00, Hit:00, L_Face:false] | Human=P1[0x108100, CPU:01, Act:00, Hit:00, L_Face:true]
Frame 1501140 | Dummy=P2[0x108300, CPU:01, Act:00, Hit:00, L_Face:false] | Human=P1[0x108100, CPU:01, Act:00, Hit:00, L_Face:true]
Frame 1501200 | Dummy=P2[0x108300, CPU:01, Act:00, Hit:00, L_Face:false] | Human=P1[0x108100, CPU:01, Act:00, Hit:00, L_Face:true]
Frame 1501260 | Dummy=P2[0x108300, CPU:01, Act:00, Hit:00, L_Face:false] | Human=P1[0x108100, CPU:01, Act:00, Hit:00, L_Face:true]
Frame 1501320 | Dummy=P2[0x108300, CPU:01, Act:00, Hit:00, L_Face:false] | Human=P1[0x108100, CPU:01, Act:00, Hit:00, L_Face:true]
Frame 1501380 | Dummy=P2[0x108300, CPU:01, Act:00, Hit:00, L_Face:false] | Human=P1[0x108100, CPU:01, Act:00, Hit:00, L_Face:true]
Frame 1501440 | Dummy=P2[0x108300, CPU:01, Act:00, Hit:00, L_Face:false] | Human=P1[0x108100, CPU:01, Act:00, Hit:00, L_Face:true]
Frame 1501500 | Dummy=P2[0x108300, CPU:01, Act:00, Hit:00, L_Face:false] | Human=P1[0x108100, CPU:01, Act:00, Hit:00, L_Face:true]
Frame 1501560 | Dummy=P2[0x108300, CPU:01, Act:00, Hit:00, L_Face:false] | Human=P1[0x108100, CPU:01, Act:00, Hit:00, L_Face:true]
Frame 1501620 | Dummy=P2[0x108300, CPU:01, Act:00, Hit:00, L_Face:false] | Human=P1[0x108100, CPU:01, Act:00, Hit:00, L_Face:true]
Frame 1501680 | Dummy=P2[0x108300, CPU:01, Act:00, Hit:00, L_Face:false] | Human=P1[0x108100, CPU:01, Act:00, Hit:00, L_Face:true]
Frame 1501740 | Dummy=P2[0x108300, CPU:01, Act:00, Hit:00, L_Face:false] | Human=P1[0x108100, CPU:01, Act:00, Hit:00, L_Face:true]
Frame 1501800 | Dummy=P2[0x108300, CPU:01, Act:00, Hit:00, L_Face:false] | Human=P1[0x108100, CPU:01, Act:00, Hit:00, L_Face:true]
Frame 1501860 | Dummy=P2[0x108300, CPU:01, Act:00, Hit:00, L_Face:false] | Human=P1[0x108100, CPU:01, Act:00, Hit:00, L_Face:true]
Frame 1501920 | Dummy=P2[0x108300, CPU:01, Act:00, Hit:00, L_Face:false] | Human=P1[0x108100, CPU:01, Act:00, Hit:00, L_Face:true]
Frame 1501980 | Dummy=P2[0x108300, CPU:01, Act:00, Hit:00, L_Face:false] | Human=P1[0x108100, CPU:01, Act:00, Hit:00, L_Face:true]
Frame 1502040 | Dummy=P2[0x108300, CPU:01, Act:00, Hit:00, L_Face:false] | Human=P1[0x108100, CPU:01, Act:00, Hit:00, L_Face:true]
Frame 1502100 | Dummy=P2[0x108300, CPU:01, Act:00, Hit:00, L_Face:false] | Human=P1[0x108100, CPU:01, Act:00, Hit:00, L_Face:true]
Frame 1502160 | Dummy=P2[0x108300, CPU:01, Act:00, Hit:00, L_Face:false] | Human=P1[0x108100, CPU:01, Act:00, Hit:00, L_Face:true]
Frame 1502220 | Dummy=P2[0x108300, CPU:01, Act:00, Hit:00, L_Face:false] | Human=P1[0x108100, CPU:01, Act:00, Hit:00, L_Face:true]
Frame 1502280 | Dummy=P2[0x108300, CPU:01, Act:00, Hit:00, L_Face:false] | Human=P1[0x108100, CPU:01, Act:00, Hit:00, L_Face:true]
Frame 1502340 | Dummy=P2[0x108300, CPU:01, Act:00, Hit:00, L_Face:false] | Human=P1[0x108100, CPU:01, Act:00, Hit:00, L_Face:true]
Frame 1502400 | Dummy=P2[0x108300, CPU:01, Act:00, Hit:00, L_Face:false] | Human=P1[0x108100, CPU:01, Act:00, Hit:00, L_Face:true]
Frame 1502460 | Dummy=P2[0x108300, CPU:01, Act:00, Hit:00, L_Face:false] | Human=P1[0x108100, CPU:01, Act:00, Hit:00, L_Face:true]
Frame 1502520 | Dummy=P2[0x108300, CPU:01, Act:00, Hit:00, L_Face:false] | Human=P1[0x108100, CPU:01, Act:00, Hit:00, L_Face:true]
Frame 1502580 | Dummy=P2[0x108300, CPU:01, Act:00, Hit:00, L_Face:false] | Human=P1[0x108100, CPU:01, Act:00, Hit:00, L_Face:true]
Frame 1502640 | Dummy=P2[0x108300, CPU:01, Act:00, Hit:00, L_Face:false] | Human=P1[0x108100, CPU:01, Act:00, Hit:00, L_Face:true]
Frame 1502700 | Dummy=P2[0x108300, CPU:01, Act:00, Hit:00, L_Face:false] | Human=P1[0x108100, CPU:01, Act:00, Hit:00, L_Face:true]
Frame 1502760 | Dummy=P2[0x108300, CPU:01, Act:00, Hit:00, L_Face:false] | Human=P1[0x108100, CPU:01, Act:00, Hit:00, L_Face:true]
Frame 1502820 | Dummy=P2[0x108300, CPU:01, Act:00, Hit:00, L_Face:false] | Human=P1[0x108100, CPU:01, Act:00, Hit:00, L_Face:true]
Frame 1502880 | Dummy=P2[0x108300, CPU:01, Act:00, Hit:00, L_Face:false] | Human=P1[0x108100, CPU:01, Act:00, Hit:00, L_Face:true]
Frame 1502940 | Dummy=P2[0x108300, CPU:01, Act:00, Hit:00, L_Face:false] | Human=P1[0x108100, CPU:01, Act:00, Hit:00, L_Face:true]
Frame 1503000 | Dummy=P2[0x108300, CPU:01, Act:00, Hit:00, L_Face:false] | Human=P1[0x108100, CPU:01, Act:00, Hit:00, L_Face:true]
Frame 1503060 | Dummy=P2[0x108300, CPU:01, Act:00, Hit:00, L_Face:false] | Human=P1[0x108100, CPU:01, Act:00, Hit:00, L_Face:true]
Frame 1503120 | Dummy=P2[0x108300, CPU:01, Act:00, Hit:00, L_Face:false] | Human=P1[0x108100, CPU:01, Act:00, Hit:00, L_Face:true]
Frame 1503180 | Dummy=P2[0x108300, CPU:01, Act:00, Hit:00, L_Face:false] | Human=P1[0x108100, CPU:01, Act:00, Hit:00, L_Face:true]
Frame 1503240 | Dummy=P2[0x108300, CPU:01, Act:00, Hit:00, L_Face:false] | Human=P1[0x108100, CPU:01, Act:00, Hit:00, L_Face:true]
Frame 1503300 | Dummy=P2[0x108300, CPU:01, Act:00, Hit:00, L_Face:false] | Human=P1[0x108100, CPU:01, Act:00, Hit:00, L_Face:true]
Frame 1503360 | Dummy=P2[0x108300, CPU:01, Act:00, Hit:00, L_Face:false] | Human=P1[0x108100, CPU:01, Act:00, Hit:00, L_Face:true]
Frame 1503420 | Dummy=P2[0x108300, CPU:01, Act:00, Hit:00, L_Face:false] | Human=P1[0x108100, CPU:01, Act:00, Hit:00, L_Face:true]
Frame 1503480 | Dummy=P2[0x108300, CPU:01, Act:00, Hit:00, L_Face:false] | Human=P1[0x108100, CPU:01, Act:00, Hit:00, L_Face:true]
Frame 1503540 | Dummy=P2[0x108300, CPU:01, Act:00, Hit:00, L_Face:false] | Human=P1[0x108100, CPU:01, Act:00, Hit:00, L_Face:true]
Frame 1503600 | Dummy=P2[0x108300, CPU:01, Act:00, Hit:00, L_Face:false] | Human=P1[0x108100, CPU:01, Act:00, Hit:00, L_Face:true]
Frame 1503660 | Dummy=P2[0x108300, CPU:01, Act:00, Hit:00, L_Face:false] | Human=P1[0x108100, CPU:01, Act:00, Hit:00, L_Face:true]
Frame 1503720 | Dummy=P2[0x108300, CPU:01, Act:00, Hit:00, L_Face:false] | Human=P1[0x108100, CPU:01, Act:00, Hit:00, L_Face:true]
Frame 1503780 | Dummy=P2[0x108300, CPU:01, Act:00, Hit:00, L_Face:false] | Human=P1[0x108100, CPU:01, Act:00, Hit:00, L_Face:true]
Frame 1503840 | Dummy=P2[0x108300, CPU:01, Act:00, Hit:00, L_Face:false] | Human=P1[0x108100, CPU:01, Act:00, Hit:00, L_Face:true]
Frame 1503900 | Dummy=P2[0x108300, CPU:01, Act:00, Hit:00, L_Face:false] | Human=P1[0x108100, CPU:01, Act:00, Hit:00, L_Face:true]
Frame 1503960 | Dummy=P2[0x108300, CPU:01, Act:00, Hit:00, L_Face:false] | Human=P1[0x108100, CPU:01, Act:00, Hit:00, L_Face:true]
Frame 1504020 | Dummy=P2[0x108300, CPU:01, Act:00, Hit:00, L_Face:false] | Human=P1[0x108100, CPU:01, Act:00, Hit:00, L_Face:true]
